<?xml version="1.0" encoding="windows-1252" standalone="no"?>
<!DOCTYPE log SYSTEM "logger.dtd">
<log>
<record>
  <date>2012-04-20T14:33:16</date>
  <millis>1334928796765</millis>
  <sequence>0</sequence>
  <logger>jMetal</logger>
  <level>INFO</level>
  <class>jmetal.metaheuristics.nsgaII.NSGAII_main</class>
  <method>main</method>
  <thread>10</thread>
  <message>Total execution time: 2031ms</message>
</record>
<record>
  <date>2012-04-20T14:33:16</date>
  <millis>1334928796859</millis>
  <sequence>1</sequence>
  <logger>jMetal</logger>
  <level>INFO</level>
  <class>jmetal.metaheuristics.nsgaII.NSGAII_main</class>
  <method>main</method>
  <thread>10</thread>
  <message>Variables values have been writen to file VAR</message>
</record>
<record>
  <date>2012-04-20T14:33:16</date>
  <millis>1334928796890</millis>
  <sequence>2</sequence>
  <logger>jMetal</logger>
  <level>INFO</level>
  <class>jmetal.metaheuristics.nsgaII.NSGAII_main</class>
  <method>main</method>
  <thread>10</thread>
  <message>Objectives values have been writen to file FUN</message>
</record>
</log>
